  Character.cpp
c:\users\b1073\desktop\0520\0520\character.cpp(59): warning C4018: '<': signed/unsigned 不相符
c:\users\b1073\desktop\0520\0520\character.cpp(68): warning C4018: '<': signed/unsigned 不相符
c:\users\b1073\desktop\0520\0520\character.cpp(73): warning C4018: '<': signed/unsigned 不相符
c:\users\b1073\desktop\0520\0520\character.cpp(88): warning C4018: '<': signed/unsigned 不相符
c:\users\b1073\desktop\0520\0520\character.cpp(120): warning C4018: '<': signed/unsigned 不相符
c:\users\b1073\desktop\0520\0520\character.cpp(169): warning C4018: '<': signed/unsigned 不相符
c:\users\b1073\desktop\0520\0520\character.cpp(171): warning C4018: '<': signed/unsigned 不相符
c:\users\b1073\desktop\0520\0520\character.cpp(209): warning C4018: '<': signed/unsigned 不相符
c:\users\b1073\desktop\0520\0520\character.cpp(234): warning C4018: '<': signed/unsigned 不相符
c:\users\b1073\desktop\0520\0520\character.cpp(246): warning C4018: '<': signed/unsigned 不相符
c:\users\b1073\desktop\0520\0520\character.cpp(266): warning C4018: '<=': signed/unsigned 不相符
c:\users\b1073\desktop\0520\0520\character.cpp(270): warning C4018: '<': signed/unsigned 不相符
c:\users\b1073\desktop\0520\0520\character.cpp(339): warning C4018: '<': signed/unsigned 不相符
c:\users\b1073\desktop\0520\0520\character.cpp(358): warning C4018: '<': signed/unsigned 不相符
c:\users\b1073\desktop\0520\0520\character.cpp(369): warning C4018: '<': signed/unsigned 不相符
  Creature.cpp
  Board.cpp
c:\users\b1073\desktop\0520\0520\board.cpp(37): warning C4018: '<': signed/unsigned 不相符
c:\users\b1073\desktop\0520\0520\board.cpp(52): warning C4018: '<': signed/unsigned 不相符
  main.cpp
c:\users\b1073\desktop\0520\0520\main.cpp(59): warning C4018: '<': signed/unsigned 不相符
c:\users\b1073\desktop\0520\0520\main.cpp(92): warning C4018: '<': signed/unsigned 不相符
c:\users\b1073\desktop\0520\0520\main.cpp(97): warning C4018: '<': signed/unsigned 不相符
c:\users\b1073\desktop\0520\0520\main.cpp(104): warning C4018: '<': signed/unsigned 不相符
  Monster.cpp
c:\users\b1073\desktop\0520\0520\monster.cpp(40): warning C4018: '<': signed/unsigned 不相符
c:\users\b1073\desktop\0520\0520\monster.cpp(83): warning C4244: '引數': 將 'time_t' 轉換為 'unsigned int'，由於類型不同，可能導致資料遺失
c:\users\b1073\desktop\0520\0520\monster.cpp(93): warning C4018: '>=': signed/unsigned 不相符
c:\users\b1073\desktop\0520\0520\monster.cpp(129): warning C4018: '<': signed/unsigned 不相符
c:\users\b1073\desktop\0520\0520\monster.cpp(131): warning C4018: '<': signed/unsigned 不相符
c:\users\b1073\desktop\0520\0520\monster.cpp(169): warning C4018: '<': signed/unsigned 不相符
c:\users\b1073\desktop\0520\0520\monster.cpp(223): warning C4018: '<': signed/unsigned 不相符
  Readfile.cpp
  正在產生程式碼...
  0520.vcxproj -> C:\Users\b1073\Desktop\0520\Debug\0520.exe
